[2025-11-17T11:54:25.950Z] SERVER_START port=3000
[2025-11-17T12:14:54.471Z] SERVER_START port=3000
[2025-11-17T12:17:32.232Z] SERVER_START port=3001
[2025-11-17T12:23:32.211Z] SERVER_START port=3000
[2025-11-17T12:26:25.110Z] SERVER_START port=3000
[2025-11-17T12:26:51.134Z] DISPLAY_CODE_REQUEST code=164-944
[2025-11-17T12:28:06.535Z] DISPLAY_CODE_REQUEST code=466-757
[2025-11-17T12:34:28.176Z] TV_APPROVED id=JBduz_AO name="123" location="321" code=466-757
[2025-11-17T12:34:56.962Z] UPLOAD filename=imagem_exemplo2.jpeg -> /uploads/1763382896958_imagem_exemplo2.jpeg
[2025-11-17T12:37:08.165Z] TV_REMOVED id=JBduz_AO name="123"
[2025-11-17T12:37:18.159Z] DISPLAY_CODE_REQUEST code=780-976
[2025-11-17T12:37:25.106Z] CODE_EXPIRED_CLEANUP code=164-944
[2025-11-17T12:37:49.364Z] TV_APPROVED id=gIll2tTC name="Teste" location="Ti" code=780-976
[2025-11-17T12:38:48.312Z] UPLOAD filename=Banner Intranet (1).jpg -> /uploads/1763383128045_Banner_Intranet__1_.jpg
[2025-11-17T12:39:18.040Z] DISPLAY_CODE_REQUEST code=371-925
[2025-11-17T12:39:24.839Z] CMD_SET tv=gIll2tTC reload=true
[2025-11-17T12:39:43.950Z] TV_APPROVED id=hUdeRRdI name="sla" location="sla" code=371-925
[2025-11-17T12:39:49.043Z] UPLOAD filename=Banner Intranet (1).jpg -> /uploads/1763383188941_Banner_Intranet__1_.jpg
[2025-11-17T12:40:39.680Z] CMD_SET tv=gIll2tTC reload=true
[2025-11-17T12:40:41.488Z] CMD_SET tv=hUdeRRdI reload=true
[2025-11-17T12:41:23.808Z] UPLOAD_REMOVED name=1763383188941_Banner_Intranet__1_.jpg
[2025-11-17T12:41:26.106Z] UPLOAD_REMOVED name=1763383128045_Banner_Intranet__1_.jpg
[2025-11-17T12:48:21.154Z] CMD_SET tv=gIll2tTC reload=true
